[DEBUG] 2024-01-03 20:13:33.035 [main] PackageRelationshipCollection - Parsing relationship: /xl/_rels/workbook.xml.rels
[DEBUG] 2024-01-03 20:13:33.062 [main] PackageRelationshipCollection - Parsing relationship: /xl/worksheets/_rels/sheet1.xml.rels
[DEBUG] 2024-01-03 20:13:33.084 [main] PackageRelationshipCollection - Parsing relationship: /xl/worksheets/_rels/sheet2.xml.rels
[DEBUG] 2024-01-03 20:13:33.088 [main] PackageRelationshipCollection - Parsing relationship: /_rels/.rels
[INFO ] 2024-01-03 20:14:01.337 [main] registerTest - Admin Uer Login successfully...
[DEBUG] 2024-01-03 20:15:58.513 [main] PackageRelationshipCollection - Parsing relationship: /xl/_rels/workbook.xml.rels
[DEBUG] 2024-01-03 20:15:58.524 [main] PackageRelationshipCollection - Parsing relationship: /xl/worksheets/_rels/sheet1.xml.rels
[DEBUG] 2024-01-03 20:15:58.530 [main] PackageRelationshipCollection - Parsing relationship: /xl/worksheets/_rels/sheet2.xml.rels
[DEBUG] 2024-01-03 20:15:58.532 [main] PackageRelationshipCollection - Parsing relationship: /_rels/.rels
[INFO ] 2024-01-03 20:16:13.034 [main] registerTest - Admin Uer Login successfully...
[DEBUG] 2024-01-04 16:38:38.127 [main] PackageRelationshipCollection - Parsing relationship: /xl/_rels/workbook.xml.rels
[DEBUG] 2024-01-04 16:38:38.138 [main] PackageRelationshipCollection - Parsing relationship: /xl/worksheets/_rels/sheet1.xml.rels
[DEBUG] 2024-01-04 16:38:38.141 [main] PackageRelationshipCollection - Parsing relationship: /xl/worksheets/_rels/sheet2.xml.rels
[DEBUG] 2024-01-04 16:38:38.143 [main] PackageRelationshipCollection - Parsing relationship: /_rels/.rels
[DEBUG] 2024-01-04 16:43:56.871 [main] PackageRelationshipCollection - Parsing relationship: /xl/_rels/workbook.xml.rels
[DEBUG] 2024-01-04 16:43:56.893 [main] PackageRelationshipCollection - Parsing relationship: /xl/worksheets/_rels/sheet1.xml.rels
[DEBUG] 2024-01-04 16:43:56.897 [main] PackageRelationshipCollection - Parsing relationship: /xl/worksheets/_rels/sheet2.xml.rels
[DEBUG] 2024-01-04 16:43:56.900 [main] PackageRelationshipCollection - Parsing relationship: /_rels/.rels
[DEBUG] 2024-01-04 16:51:54.150 [main] PackageRelationshipCollection - Parsing relationship: /xl/_rels/workbook.xml.rels
[DEBUG] 2024-01-04 16:51:54.164 [main] PackageRelationshipCollection - Parsing relationship: /xl/worksheets/_rels/sheet1.xml.rels
[DEBUG] 2024-01-04 16:51:54.166 [main] PackageRelationshipCollection - Parsing relationship: /xl/worksheets/_rels/sheet2.xml.rels
[DEBUG] 2024-01-04 16:51:54.176 [main] PackageRelationshipCollection - Parsing relationship: /_rels/.rels
[DEBUG] 2024-01-04 16:57:07.122 [main] PackageRelationshipCollection - Parsing relationship: /xl/_rels/workbook.xml.rels
[DEBUG] 2024-01-04 16:57:07.139 [main] PackageRelationshipCollection - Parsing relationship: /xl/worksheets/_rels/sheet1.xml.rels
[DEBUG] 2024-01-04 16:57:07.143 [main] PackageRelationshipCollection - Parsing relationship: /xl/worksheets/_rels/sheet2.xml.rels
[DEBUG] 2024-01-04 16:57:07.146 [main] PackageRelationshipCollection - Parsing relationship: /_rels/.rels
[DEBUG] 2024-01-04 17:01:10.960 [main] PackageRelationshipCollection - Parsing relationship: /xl/_rels/workbook.xml.rels
[DEBUG] 2024-01-04 17:01:10.974 [main] PackageRelationshipCollection - Parsing relationship: /xl/worksheets/_rels/sheet1.xml.rels
[DEBUG] 2024-01-04 17:01:10.978 [main] PackageRelationshipCollection - Parsing relationship: /xl/worksheets/_rels/sheet2.xml.rels
[DEBUG] 2024-01-04 17:01:10.983 [main] PackageRelationshipCollection - Parsing relationship: /_rels/.rels
[INFO ] 2024-01-04 17:01:26.348 [main] registerTest - Initializing setup...
[ERROR] 2024-01-04 17:01:42.121 [main] registerTest - error
[DEBUG] 2024-01-04 17:05:56.953 [main] PackageRelationshipCollection - Parsing relationship: /xl/_rels/workbook.xml.rels
[DEBUG] 2024-01-04 17:05:56.966 [main] PackageRelationshipCollection - Parsing relationship: /xl/worksheets/_rels/sheet1.xml.rels
[DEBUG] 2024-01-04 17:05:56.969 [main] PackageRelationshipCollection - Parsing relationship: /xl/worksheets/_rels/sheet2.xml.rels
[DEBUG] 2024-01-04 17:05:56.980 [main] PackageRelationshipCollection - Parsing relationship: /_rels/.rels
[DEBUG] 2024-01-05 14:58:41.173 [main] PackageRelationshipCollection - Parsing relationship: /xl/_rels/workbook.xml.rels
[DEBUG] 2024-01-05 14:58:41.189 [main] PackageRelationshipCollection - Parsing relationship: /xl/worksheets/_rels/sheet1.xml.rels
[DEBUG] 2024-01-05 14:58:41.191 [main] PackageRelationshipCollection - Parsing relationship: /xl/worksheets/_rels/sheet2.xml.rels
[DEBUG] 2024-01-05 14:58:41.193 [main] PackageRelationshipCollection - Parsing relationship: /_rels/.rels
[INFO ] 2024-01-05 14:58:52.309 [main] registerTest - Initializing setup...
[ERROR] 2024-01-05 14:59:05.956 [main] registerTest - error
